Arguments: 
  C:\Program Files\nodejs\node.exe C:\Program Files\nodejs\node_modules\yarn\bin\yarn.js install --mutex network:42424 --non-interactive --no-package-lock

PATH: 
  C:\self\work\bfd\projects\adherev\packages\adherev-ui-spin\node_modules\.bin;C:\self\work\bfd\projects\adherev\packages\node_modules\.bin;C:\self\work\bfd\projects\adherev\node_modules\.bin;C:\self\work\bfd\projects\node_modules\.bin;C:\self\work\bfd\node_modules\.bin;C:\self\work\node_modules\.bin;C:\self\node_modules\.bin;C:\node_modules\.bin;C:\Program Files\nodejs;C:\Users\86159\AppData\Roaming\nvm\v12.16.1\node_modules\npm\node_modules\npm-lifecycle\node-gyp-bin;C:\self\work\bfd\projects\adherev\node_modules\.bin;C:\Program Files (x86)\NetSarang\Xftp 6\;C:\Program Files (x86)\NetSarang\Xshell 6\;C:\Program Files (x86)\Intel\Intel(R) Management Engine Components\iCLS\;C:\Program Files\Intel\Intel(R) Management Engine Components\iCLS\;C:\Windows\system32;C:\Windows;C:\Windows\System32\Wbem;C:\Windows\System32\WindowsPowerShell\v1.0\;C:\Windows\System32\OpenSSH\;C:\Program Files (x86)\Intel\Intel(R) Management Engine Components\DAL;C:\Program Files\Intel\Intel(R) Management Engine Components\DAL;C:\Program Files (x86)\Intel\Intel(R) Management Engine Components\IPT;C:\Program Files\Intel\Intel(R) Management Engine Components\IPT;C:\Program Files (x86)\NVIDIA Corporation\PhysX\Common;C:\Program Files\NVIDIA Corporation\NVIDIA NvDLISR;C:\Program Files\Git\cmd;C:\Users\86159\AppData\Roaming\nvm;C:\Program Files\nodejs;C:\Users\86159\Java\jdk8\jdk1.8.0_101\bin;C:\Program Files\TortoiseGit\bin;C:\Program Files\OpenVPN\bin;C:\WINDOWS\system32;C:\WINDOWS;C:\WINDOWS\System32\Wbem;C:\WINDOWS\System32\WindowsPowerShell\v1.0\;C:\WINDOWS\System32\OpenSSH\;C:\self\my\soft\apache-tomcat-8.5.46-windows-x64\apache-tomcat-8.5.46\bin;;C:\Program Files\IDM Computer Solutions\UltraEdit;C:\Users\86159\AppData\Local\Microsoft\WindowsApps;C:\Program Files\JetBrains\WebStorm 2021.1.1\bin;;C:\Users\86159\AppData\Roaming\nvm;C:\Program Files\nodejs;C:\Program Files (x86)\SSH Communications Security\SSH Secure Shell;C:\Users\86159\AppData\Local\Programs\Microsoft VS Code\bin;C:\Users\86159\AppData\Local\GitHubDesktop\bin;

Yarn version: 
  1.22.4

Node version: 
  12.16.1

Platform: 
  win32 x64

Trace: 
  Error: https://registry.npmjs.org/@baifendian%2fadherev-ui-css: Not found
      at Request.params.callback [as _callback] (C:\Users\86159\AppData\Roaming\nvm\v12.16.1\node_modules\yarn\lib\cli.js:66987:18)
      at Request.self.callback (C:\Users\86159\AppData\Roaming\nvm\v12.16.1\node_modules\yarn\lib\cli.js:140748:22)
      at Request.emit (events.js:311:20)
      at Request.<anonymous> (C:\Users\86159\AppData\Roaming\nvm\v12.16.1\node_modules\yarn\lib\cli.js:141720:10)
      at Request.emit (events.js:311:20)
      at IncomingMessage.<anonymous> (C:\Users\86159\AppData\Roaming\nvm\v12.16.1\node_modules\yarn\lib\cli.js:141642:12)
      at Object.onceWrapper (events.js:417:28)
      at IncomingMessage.emit (events.js:323:22)
      at endReadableNT (_stream_readable.js:1204:12)
      at processTicksAndRejections (internal/process/task_queues.js:84:21)

npm manifest: 
  {
  	"name": "@baifendian/adherev-ui-spin",
  	"version": "1.0.0",
  	"description": "无侵入的loading",
  	"main": "lib/index.js",
  	"files": [
  		"lib",
  		"umd"
  	],
  	"repository": {
  		"type": "git",
  		"url": "https://gitee.com/playerljc/adherev"
  	},
  	"resolutions": {
  		"graceful-fs": "4.2.2"
  	},
  	"author": "playerljc",
  	"license": "ISC",
  	"bugs": {
  		"url": "https://gitee.com/playerljc/adherev/issues"
  	},
  	"homepage": "https://gitee.com/playerljc/adherev",
  	"publishConfig": {
  		"access": "public"
  	},
  	"devDependencies": {
  		"@babel/runtime": "^7.7.4",
  		"@ctsj/buildv": "^2.0.2",
  		"typescript": "^3.8.2"
  	},
  	"dependencies": {
  		"@baifendian/adherev-ui-css": "^1.0.5",
  		"@baifendian/adherev-util-resource": "^1.0.5"
  	}
  }

yarn manifest: 
  No manifest

Lockfile: 
  No lockfile
